*** Installation started 2015/11/18 01:01 ***
Source: C:\Users\gosainji\Downloads\pymongo-3.1.win32-py3.4.exe
999 Root Key: HKEY_CURRENT_USER
020 Reg DB Key: [Software\Microsoft\Windows\CurrentVersion\Uninstall]pymongo-py3.4
040 Reg DB Value: [Software\Microsoft\Windows\CurrentVersion\Uninstall\pymongo-py3.4]DisplayName=Python 3.4 pymongo-3.1
040 Reg DB Value: [Software\Microsoft\Windows\CurrentVersion\Uninstall\pymongo-py3.4]UninstallString="C:\Python34\Removepymongo.exe" -u "C:\Python34\pymongo-wininst.log"
100 Made Dir: C:\Python34\Lib\site-packages\bson
200 File Copy: C:\Python34\Lib\site-packages\bson\binary.py
200 File Copy: C:\Python34\Lib\site-packages\bson\code.py
200 File Copy: C:\Python34\Lib\site-packages\bson\codec_options.py
200 File Copy: C:\Python34\Lib\site-packages\bson\dbref.py
200 File Copy: C:\Python34\Lib\site-packages\bson\errors.py
200 File Copy: C:\Python34\Lib\site-packages\bson\int64.py
200 File Copy: C:\Python34\Lib\site-packages\bson\json_util.py
200 File Copy: C:\Python34\Lib\site-packages\bson\max_key.py
200 File Copy: C:\Python34\Lib\site-packages\bson\min_key.py
200 File Copy: C:\Python34\Lib\site-packages\bson\objectid.py
200 File Copy: C:\Python34\Lib\site-packages\bson\py3compat.py
200 File Copy: C:\Python34\Lib\site-packages\bson\regex.py
200 File Copy: C:\Python34\Lib\site-packages\bson\son.py
200 File Copy: C:\Python34\Lib\site-packages\bson\timestamp.py
200 File Copy: C:\Python34\Lib\site-packages\bson\tz_util.py
200 File Copy: C:\Python34\Lib\site-packages\bson\_cbson.pyd
200 File Copy: C:\Python34\Lib\site-packages\bson\__init__.py
100 Made Dir: C:\Python34\Lib\site-packages\gridfs
200 File Copy: C:\Python34\Lib\site-packages\gridfs\errors.py
200 File Copy: C:\Python34\Lib\site-packages\gridfs\grid_file.py
200 File Copy: C:\Python34\Lib\site-packages\gridfs\__init__.py
100 Made Dir: C:\Python34\Lib\site-packages\pymongo
200 File Copy: C:\Python34\Lib\site-packages\pymongo\auth.py
200 File Copy: C:\Python34\Lib\site-packages\pymongo\bulk.py
200 File Copy: C:\Python34\Lib\site-packages\pymongo\client_options.py
200 File Copy: C:\Python34\Lib\site-packages\pymongo\collection.py
200 File Copy: C:\Python34\Lib\site-packages\pymongo\command_cursor.py
200 File Copy: C:\Python34\Lib\site-packages\pymongo\common.py
200 File Copy: C:\Python34\Lib\site-packages\pymongo\cursor.py
200 File Copy: C:\Python34\Lib\site-packages\pymongo\cursor_manager.py
200 File Copy: C:\Python34\Lib\site-packages\pymongo\database.py
200 File Copy: C:\Python34\Lib\site-packages\pymongo\errors.py
200 File Copy: C:\Python34\Lib\site-packages\pymongo\helpers.py
200 File Copy: C:\Python34\Lib\site-packages\pymongo\ismaster.py
200 File Copy: C:\Python34\Lib\site-packages\pymongo\message.py
200 File Copy: C:\Python34\Lib\site-packages\pymongo\mongo_client.py
200 File Copy: C:\Python34\Lib\site-packages\pymongo\mongo_replica_set_client.py
200 File Copy: C:\Python34\Lib\site-packages\pymongo\monitor.py
200 File Copy: C:\Python34\Lib\site-packages\pymongo\monitoring.py
200 File Copy: C:\Python34\Lib\site-packages\pymongo\monotonic.py
200 File Copy: C:\Python34\Lib\site-packages\pymongo\network.py
200 File Copy: C:\Python34\Lib\site-packages\pymongo\operations.py
200 File Copy: C:\Python34\Lib\site-packages\pymongo\periodic_executor.py
200 File Copy: C:\Python34\Lib\site-packages\pymongo\pool.py
200 File Copy: C:\Python34\Lib\site-packages\pymongo\read_preferences.py
200 File Copy: C:\Python34\Lib\site-packages\pymongo\response.py
200 File Copy: C:\Python34\Lib\site-packages\pymongo\results.py
200 File Copy: C:\Python34\Lib\site-packages\pymongo\server.py
200 File Copy: C:\Python34\Lib\site-packages\pymongo\server_description.py
200 File Copy: C:\Python34\Lib\site-packages\pymongo\server_selectors.py
200 File Copy: C:\Python34\Lib\site-packages\pymongo\server_type.py
200 File Copy: C:\Python34\Lib\site-packages\pymongo\settings.py
200 File Copy: C:\Python34\Lib\site-packages\pymongo\son_manipulator.py
200 File Copy: C:\Python34\Lib\site-packages\pymongo\ssl_context.py
200 File Copy: C:\Python34\Lib\site-packages\pymongo\ssl_match_hostname.py
200 File Copy: C:\Python34\Lib\site-packages\pymongo\ssl_support.py
200 File Copy: C:\Python34\Lib\site-packages\pymongo\thread_util.py
200 File Copy: C:\Python34\Lib\site-packages\pymongo\topology.py
200 File Copy: C:\Python34\Lib\site-packages\pymongo\topology_description.py
200 File Copy: C:\Python34\Lib\site-packages\pymongo\uri_parser.py
200 File Copy: C:\Python34\Lib\site-packages\pymongo\write_concern.py
200 File Copy: C:\Python34\Lib\site-packages\pymongo\_cmessage.pyd
200 File Copy: C:\Python34\Lib\site-packages\pymongo\__init__.py
100 Made Dir: C:\Python34\Lib\site-packages\pymongo-3.1-py3.4.egg-info
200 File Copy: C:\Python34\Lib\site-packages\pymongo-3.1-py3.4.egg-info\dependency_links.txt
200 File Copy: C:\Python34\Lib\site-packages\pymongo-3.1-py3.4.egg-info\PKG-INFO
200 File Copy: C:\Python34\Lib\site-packages\pymongo-3.1-py3.4.egg-info\SOURCES.txt
200 File Copy: C:\Python34\Lib\site-packages\pymongo-3.1-py3.4.egg-info\top_level.txt
200 File Copy: C:\Python34\Lib\site-packages\pymongo\__init__.pyc
200 File Copy: C:\Python34\Lib\site-packages\pymongo\write_concern.pyc
200 File Copy: C:\Python34\Lib\site-packages\pymongo\uri_parser.pyc
200 File Copy: C:\Python34\Lib\site-packages\pymongo\topology_description.pyc
200 File Copy: C:\Python34\Lib\site-packages\pymongo\topology.pyc
200 File Copy: C:\Python34\Lib\site-packages\pymongo\thread_util.pyc
200 File Copy: C:\Python34\Lib\site-packages\pymongo\ssl_support.pyc
200 File Copy: C:\Python34\Lib\site-packages\pymongo\ssl_match_hostname.pyc
200 File Copy: C:\Python34\Lib\site-packages\pymongo\ssl_context.pyc
200 File Copy: C:\Python34\Lib\site-packages\pymongo\son_manipulator.pyc
200 File Copy: C:\Python34\Lib\site-packages\pymongo\settings.pyc
200 File Copy: C:\Python34\Lib\site-packages\pymongo\server_type.pyc
200 File Copy: C:\Python34\Lib\site-packages\pymongo\server_selectors.pyc
200 File Copy: C:\Python34\Lib\site-packages\pymongo\server_description.pyc
200 File Copy: C:\Python34\Lib\site-packages\pymongo\server.pyc
200 File Copy: C:\Python34\Lib\site-packages\pymongo\results.pyc
200 File Copy: C:\Python34\Lib\site-packages\pymongo\response.pyc
200 File Copy: C:\Python34\Lib\site-packages\pymongo\read_preferences.pyc
200 File Copy: C:\Python34\Lib\site-packages\pymongo\pool.pyc
200 File Copy: C:\Python34\Lib\site-packages\pymongo\periodic_executor.pyc
200 File Copy: C:\Python34\Lib\site-packages\pymongo\operations.pyc
200 File Copy: C:\Python34\Lib\site-packages\pymongo\network.pyc
200 File Copy: C:\Python34\Lib\site-packages\pymongo\monotonic.pyc
200 File Copy: C:\Python34\Lib\site-packages\pymongo\monitoring.pyc
200 File Copy: C:\Python34\Lib\site-packages\pymongo\monitor.pyc
200 File Copy: C:\Python34\Lib\site-packages\pymongo\mongo_replica_set_client.pyc
200 File Copy: C:\Python34\Lib\site-packages\pymongo\mongo_client.pyc
200 File Copy: C:\Python34\Lib\site-packages\pymongo\message.pyc
200 File Copy: C:\Python34\Lib\site-packages\pymongo\ismaster.pyc
200 File Copy: C:\Python34\Lib\site-packages\pymongo\helpers.pyc
200 File Copy: C:\Python34\Lib\site-packages\pymongo\errors.pyc
200 File Copy: C:\Python34\Lib\site-packages\pymongo\database.pyc
200 File Copy: C:\Python34\Lib\site-packages\pymongo\cursor_manager.pyc
200 File Copy: C:\Python34\Lib\site-packages\pymongo\cursor.pyc
200 File Copy: C:\Python34\Lib\site-packages\pymongo\common.pyc
200 File Copy: C:\Python34\Lib\site-packages\pymongo\command_cursor.pyc
200 File Copy: C:\Python34\Lib\site-packages\pymongo\collection.pyc
200 File Copy: C:\Python34\Lib\site-packages\pymongo\client_options.pyc
200 File Copy: C:\Python34\Lib\site-packages\pymongo\bulk.pyc
200 File Copy: C:\Python34\Lib\site-packages\pymongo\auth.pyc
200 File Copy: C:\Python34\Lib\site-packages\gridfs\__init__.pyc
200 File Copy: C:\Python34\Lib\site-packages\gridfs\grid_file.pyc
200 File Copy: C:\Python34\Lib\site-packages\gridfs\errors.pyc
200 File Copy: C:\Python34\Lib\site-packages\bson\__init__.pyc
200 File Copy: C:\Python34\Lib\site-packages\bson\tz_util.pyc
200 File Copy: C:\Python34\Lib\site-packages\bson\timestamp.pyc
200 File Copy: C:\Python34\Lib\site-packages\bson\son.pyc
200 File Copy: C:\Python34\Lib\site-packages\bson\regex.pyc
200 File Copy: C:\Python34\Lib\site-packages\bson\py3compat.pyc
200 File Copy: C:\Python34\Lib\site-packages\bson\objectid.pyc
200 File Copy: C:\Python34\Lib\site-packages\bson\min_key.pyc
200 File Copy: C:\Python34\Lib\site-packages\bson\max_key.pyc
200 File Copy: C:\Python34\Lib\site-packages\bson\json_util.pyc
200 File Copy: C:\Python34\Lib\site-packages\bson\int64.pyc
200 File Copy: C:\Python34\Lib\site-packages\bson\errors.pyc
200 File Copy: C:\Python34\Lib\site-packages\bson\dbref.pyc
200 File Copy: C:\Python34\Lib\site-packages\bson\codec_options.pyc
200 File Copy: C:\Python34\Lib\site-packages\bson\code.pyc
200 File Copy: C:\Python34\Lib\site-packages\bson\binary.pyc
200 File Copy: C:\Python34\Lib\site-packages\pymongo\__init__.pyo
200 File Copy: C:\Python34\Lib\site-packages\pymongo\write_concern.pyo
200 File Copy: C:\Python34\Lib\site-packages\pymongo\uri_parser.pyo
200 File Copy: C:\Python34\Lib\site-packages\pymongo\topology_description.pyo
200 File Copy: C:\Python34\Lib\site-packages\pymongo\topology.pyo
200 File Copy: C:\Python34\Lib\site-packages\pymongo\thread_util.pyo
200 File Copy: C:\Python34\Lib\site-packages\pymongo\ssl_support.pyo
200 File Copy: C:\Python34\Lib\site-packages\pymongo\ssl_match_hostname.pyo
200 File Copy: C:\Python34\Lib\site-packages\pymongo\ssl_context.pyo
200 File Copy: C:\Python34\Lib\site-packages\pymongo\son_manipulator.pyo
200 File Copy: C:\Python34\Lib\site-packages\pymongo\settings.pyo
200 File Copy: C:\Python34\Lib\site-packages\pymongo\server_type.pyo
200 File Copy: C:\Python34\Lib\site-packages\pymongo\server_selectors.pyo
200 File Copy: C:\Python34\Lib\site-packages\pymongo\server_description.pyo
200 File Copy: C:\Python34\Lib\site-packages\pymongo\server.pyo
200 File Copy: C:\Python34\Lib\site-packages\pymongo\results.pyo
200 File Copy: C:\Python34\Lib\site-packages\pymongo\response.pyo
200 File Copy: C:\Python34\Lib\site-packages\pymongo\read_preferences.pyo
200 File Copy: C:\Python34\Lib\site-packages\pymongo\pool.pyo
200 File Copy: C:\Python34\Lib\site-packages\pymongo\periodic_executor.pyo
200 File Copy: C:\Python34\Lib\site-packages\pymongo\operations.pyo
200 File Copy: C:\Python34\Lib\site-packages\pymongo\network.pyo
200 File Copy: C:\Python34\Lib\site-packages\pymongo\monotonic.pyo
200 File Copy: C:\Python34\Lib\site-packages\pymongo\monitoring.pyo
200 File Copy: C:\Python34\Lib\site-packages\pymongo\monitor.pyo
200 File Copy: C:\Python34\Lib\site-packages\pymongo\mongo_replica_set_client.pyo
200 File Copy: C:\Python34\Lib\site-packages\pymongo\mongo_client.pyo
200 File Copy: C:\Python34\Lib\site-packages\pymongo\message.pyo
200 File Copy: C:\Python34\Lib\site-packages\pymongo\ismaster.pyo
200 File Copy: C:\Python34\Lib\site-packages\pymongo\helpers.pyo
200 File Copy: C:\Python34\Lib\site-packages\pymongo\errors.pyo
200 File Copy: C:\Python34\Lib\site-packages\pymongo\database.pyo
200 File Copy: C:\Python34\Lib\site-packages\pymongo\cursor_manager.pyo
200 File Copy: C:\Python34\Lib\site-packages\pymongo\cursor.pyo
200 File Copy: C:\Python34\Lib\site-packages\pymongo\common.pyo
200 File Copy: C:\Python34\Lib\site-packages\pymongo\command_cursor.pyo
200 File Copy: C:\Python34\Lib\site-packages\pymongo\collection.pyo
200 File Copy: C:\Python34\Lib\site-packages\pymongo\client_options.pyo
200 File Copy: C:\Python34\Lib\site-packages\pymongo\bulk.pyo
200 File Copy: C:\Python34\Lib\site-packages\pymongo\auth.pyo
200 File Copy: C:\Python34\Lib\site-packages\gridfs\__init__.pyo
200 File Copy: C:\Python34\Lib\site-packages\gridfs\grid_file.pyo
200 File Copy: C:\Python34\Lib\site-packages\gridfs\errors.pyo
200 File Copy: C:\Python34\Lib\site-packages\bson\__init__.pyo
200 File Copy: C:\Python34\Lib\site-packages\bson\tz_util.pyo
200 File Copy: C:\Python34\Lib\site-packages\bson\timestamp.pyo
200 File Copy: C:\Python34\Lib\site-packages\bson\son.pyo
200 File Copy: C:\Python34\Lib\site-packages\bson\regex.pyo
200 File Copy: C:\Python34\Lib\site-packages\bson\py3compat.pyo
200 File Copy: C:\Python34\Lib\site-packages\bson\objectid.pyo
200 File Copy: C:\Python34\Lib\site-packages\bson\min_key.pyo
200 File Copy: C:\Python34\Lib\site-packages\bson\max_key.pyo
200 File Copy: C:\Python34\Lib\site-packages\bson\json_util.pyo
200 File Copy: C:\Python34\Lib\site-packages\bson\int64.pyo
200 File Copy: C:\Python34\Lib\site-packages\bson\errors.pyo
200 File Copy: C:\Python34\Lib\site-packages\bson\dbref.pyo
200 File Copy: C:\Python34\Lib\site-packages\bson\codec_options.pyo
200 File Copy: C:\Python34\Lib\site-packages\bson\code.pyo
200 File Copy: C:\Python34\Lib\site-packages\bson\binary.pyo
*** Installation started 2016/01/23 21:18 ***
Source: C:\Users\gosainji\Downloads\pymongo-3.1.win32-py3.4.exe
999 Root Key: HKEY_CURRENT_USER
040 Reg DB Value: [Software\Microsoft\Windows\CurrentVersion\Uninstall\pymongo-py3.4]DisplayName=Python 3.4 pymongo-3.1
040 Reg DB Value: [Software\Microsoft\Windows\CurrentVersion\Uninstall\pymongo-py3.4]UninstallString="C:\Python34\Removepymongo.exe" -u "C:\Python34\pymongo-wininst.log"
200 File Copy: C:\Python34\Lib\site-packages\bson\binary.py
200 File Copy: C:\Python34\Lib\site-packages\bson\code.py
200 File Copy: C:\Python34\Lib\site-packages\bson\codec_options.py
200 File Copy: C:\Python34\Lib\site-packages\bson\dbref.py
200 File Copy: C:\Python34\Lib\site-packages\bson\errors.py
200 File Copy: C:\Python34\Lib\site-packages\bson\int64.py
200 File Copy: C:\Python34\Lib\site-packages\bson\json_util.py
200 File Copy: C:\Python34\Lib\site-packages\bson\max_key.py
200 File Copy: C:\Python34\Lib\site-packages\bson\min_key.py
200 File Copy: C:\Python34\Lib\site-packages\bson\objectid.py
200 File Copy: C:\Python34\Lib\site-packages\bson\py3compat.py
200 File Copy: C:\Python34\Lib\site-packages\bson\regex.py
200 File Copy: C:\Python34\Lib\site-packages\bson\son.py
200 File Copy: C:\Python34\Lib\site-packages\bson\timestamp.py
200 File Copy: C:\Python34\Lib\site-packages\bson\tz_util.py
200 File Copy: C:\Python34\Lib\site-packages\bson\_cbson.pyd
200 File Copy: C:\Python34\Lib\site-packages\bson\__init__.py
200 File Copy: C:\Python34\Lib\site-packages\gridfs\errors.py
200 File Copy: C:\Python34\Lib\site-packages\gridfs\grid_file.py
200 File Copy: C:\Python34\Lib\site-packages\gridfs\__init__.py
200 File Copy: C:\Python34\Lib\site-packages\pymongo\auth.py
200 File Copy: C:\Python34\Lib\site-packages\pymongo\bulk.py
200 File Copy: C:\Python34\Lib\site-packages\pymongo\client_options.py
200 File Copy: C:\Python34\Lib\site-packages\pymongo\collection.py
200 File Copy: C:\Python34\Lib\site-packages\pymongo\command_cursor.py
200 File Copy: C:\Python34\Lib\site-packages\pymongo\common.py
200 File Copy: C:\Python34\Lib\site-packages\pymongo\cursor.py
200 File Copy: C:\Python34\Lib\site-packages\pymongo\cursor_manager.py
200 File Copy: C:\Python34\Lib\site-packages\pymongo\database.py
200 File Copy: C:\Python34\Lib\site-packages\pymongo\errors.py
200 File Copy: C:\Python34\Lib\site-packages\pymongo\helpers.py
200 File Copy: C:\Python34\Lib\site-packages\pymongo\ismaster.py
200 File Copy: C:\Python34\Lib\site-packages\pymongo\message.py
200 File Copy: C:\Python34\Lib\site-packages\pymongo\mongo_client.py
200 File Copy: C:\Python34\Lib\site-packages\pymongo\mongo_replica_set_client.py
200 File Copy: C:\Python34\Lib\site-packages\pymongo\monitor.py
200 File Copy: C:\Python34\Lib\site-packages\pymongo\monitoring.py
200 File Copy: C:\Python34\Lib\site-packages\pymongo\monotonic.py
200 File Copy: C:\Python34\Lib\site-packages\pymongo\network.py
200 File Copy: C:\Python34\Lib\site-packages\pymongo\operations.py
200 File Copy: C:\Python34\Lib\site-packages\pymongo\periodic_executor.py
200 File Copy: C:\Python34\Lib\site-packages\pymongo\pool.py
200 File Copy: C:\Python34\Lib\site-packages\pymongo\read_preferences.py
200 File Copy: C:\Python34\Lib\site-packages\pymongo\response.py
200 File Copy: C:\Python34\Lib\site-packages\pymongo\results.py
200 File Copy: C:\Python34\Lib\site-packages\pymongo\server.py
200 File Copy: C:\Python34\Lib\site-packages\pymongo\server_description.py
200 File Copy: C:\Python34\Lib\site-packages\pymongo\server_selectors.py
200 File Copy: C:\Python34\Lib\site-packages\pymongo\server_type.py
200 File Copy: C:\Python34\Lib\site-packages\pymongo\settings.py
200 File Copy: C:\Python34\Lib\site-packages\pymongo\son_manipulator.py
200 File Copy: C:\Python34\Lib\site-packages\pymongo\ssl_context.py
200 File Copy: C:\Python34\Lib\site-packages\pymongo\ssl_match_hostname.py
200 File Copy: C:\Python34\Lib\site-packages\pymongo\ssl_support.py
200 File Copy: C:\Python34\Lib\site-packages\pymongo\thread_util.py
200 File Copy: C:\Python34\Lib\site-packages\pymongo\topology.py
200 File Copy: C:\Python34\Lib\site-packages\pymongo\topology_description.py
200 File Copy: C:\Python34\Lib\site-packages\pymongo\uri_parser.py
200 File Copy: C:\Python34\Lib\site-packages\pymongo\write_concern.py
200 File Copy: C:\Python34\Lib\site-packages\pymongo\_cmessage.pyd
200 File Copy: C:\Python34\Lib\site-packages\pymongo\__init__.py
200 File Copy: C:\Python34\Lib\site-packages\pymongo-3.1-py3.4.egg-info\dependency_links.txt
200 File Copy: C:\Python34\Lib\site-packages\pymongo-3.1-py3.4.egg-info\PKG-INFO
200 File Copy: C:\Python34\Lib\site-packages\pymongo-3.1-py3.4.egg-info\SOURCES.txt
200 File Copy: C:\Python34\Lib\site-packages\pymongo-3.1-py3.4.egg-info\top_level.txt
200 File Copy: C:\Python34\Lib\site-packages\pymongo\__init__.pyc
200 File Copy: C:\Python34\Lib\site-packages\pymongo\write_concern.pyc
200 File Copy: C:\Python34\Lib\site-packages\pymongo\uri_parser.pyc
200 File Copy: C:\Python34\Lib\site-packages\pymongo\topology_description.pyc
200 File Copy: C:\Python34\Lib\site-packages\pymongo\topology.pyc
200 File Copy: C:\Python34\Lib\site-packages\pymongo\thread_util.pyc
200 File Copy: C:\Python34\Lib\site-packages\pymongo\ssl_support.pyc
200 File Copy: C:\Python34\Lib\site-packages\pymongo\ssl_match_hostname.pyc
200 File Copy: C:\Python34\Lib\site-packages\pymongo\ssl_context.pyc
200 File Copy: C:\Python34\Lib\site-packages\pymongo\son_manipulator.pyc
200 File Copy: C:\Python34\Lib\site-packages\pymongo\settings.pyc
200 File Copy: C:\Python34\Lib\site-packages\pymongo\server_type.pyc
200 File Copy: C:\Python34\Lib\site-packages\pymongo\server_selectors.pyc
200 File Copy: C:\Python34\Lib\site-packages\pymongo\server_description.pyc
200 File Copy: C:\Python34\Lib\site-packages\pymongo\server.pyc
200 File Copy: C:\Python34\Lib\site-packages\pymongo\results.pyc
200 File Copy: C:\Python34\Lib\site-packages\pymongo\response.pyc
200 File Copy: C:\Python34\Lib\site-packages\pymongo\read_preferences.pyc
200 File Copy: C:\Python34\Lib\site-packages\pymongo\pool.pyc
200 File Copy: C:\Python34\Lib\site-packages\pymongo\periodic_executor.pyc
200 File Copy: C:\Python34\Lib\site-packages\pymongo\operations.pyc
200 File Copy: C:\Python34\Lib\site-packages\pymongo\network.pyc
200 File Copy: C:\Python34\Lib\site-packages\pymongo\monotonic.pyc
200 File Copy: C:\Python34\Lib\site-packages\pymongo\monitoring.pyc
200 File Copy: C:\Python34\Lib\site-packages\pymongo\monitor.pyc
200 File Copy: C:\Python34\Lib\site-packages\pymongo\mongo_replica_set_client.pyc
200 File Copy: C:\Python34\Lib\site-packages\pymongo\mongo_client.pyc
200 File Copy: C:\Python34\Lib\site-packages\pymongo\message.pyc
200 File Copy: C:\Python34\Lib\site-packages\pymongo\ismaster.pyc
200 File Copy: C:\Python34\Lib\site-packages\pymongo\helpers.pyc
200 File Copy: C:\Python34\Lib\site-packages\pymongo\errors.pyc
200 File Copy: C:\Python34\Lib\site-packages\pymongo\database.pyc
200 File Copy: C:\Python34\Lib\site-packages\pymongo\cursor_manager.pyc
200 File Copy: C:\Python34\Lib\site-packages\pymongo\cursor.pyc
200 File Copy: C:\Python34\Lib\site-packages\pymongo\common.pyc
200 File Copy: C:\Python34\Lib\site-packages\pymongo\command_cursor.pyc
200 File Copy: C:\Python34\Lib\site-packages\pymongo\collection.pyc
200 File Copy: C:\Python34\Lib\site-packages\pymongo\client_options.pyc
200 File Copy: C:\Python34\Lib\site-packages\pymongo\bulk.pyc
200 File Copy: C:\Python34\Lib\site-packages\pymongo\auth.pyc
200 File Copy: C:\Python34\Lib\site-packages\gridfs\__init__.pyc
200 File Copy: C:\Python34\Lib\site-packages\gridfs\grid_file.pyc
200 File Copy: C:\Python34\Lib\site-packages\gridfs\errors.pyc
200 File Copy: C:\Python34\Lib\site-packages\bson\__init__.pyc
200 File Copy: C:\Python34\Lib\site-packages\bson\tz_util.pyc
200 File Copy: C:\Python34\Lib\site-packages\bson\timestamp.pyc
200 File Copy: C:\Python34\Lib\site-packages\bson\son.pyc
200 File Copy: C:\Python34\Lib\site-packages\bson\regex.pyc
200 File Copy: C:\Python34\Lib\site-packages\bson\py3compat.pyc
200 File Copy: C:\Python34\Lib\site-packages\bson\objectid.pyc
200 File Copy: C:\Python34\Lib\site-packages\bson\min_key.pyc
200 File Copy: C:\Python34\Lib\site-packages\bson\max_key.pyc
200 File Copy: C:\Python34\Lib\site-packages\bson\json_util.pyc
200 File Copy: C:\Python34\Lib\site-packages\bson\int64.pyc
200 File Copy: C:\Python34\Lib\site-packages\bson\errors.pyc
200 File Copy: C:\Python34\Lib\site-packages\bson\dbref.pyc
200 File Copy: C:\Python34\Lib\site-packages\bson\codec_options.pyc
200 File Copy: C:\Python34\Lib\site-packages\bson\code.pyc
200 File Copy: C:\Python34\Lib\site-packages\bson\binary.pyc
200 File Copy: C:\Python34\Lib\site-packages\pymongo\__init__.pyo
200 File Copy: C:\Python34\Lib\site-packages\pymongo\write_concern.pyo
200 File Copy: C:\Python34\Lib\site-packages\pymongo\uri_parser.pyo
200 File Copy: C:\Python34\Lib\site-packages\pymongo\topology_description.pyo
200 File Copy: C:\Python34\Lib\site-packages\pymongo\topology.pyo
200 File Copy: C:\Python34\Lib\site-packages\pymongo\thread_util.pyo
200 File Copy: C:\Python34\Lib\site-packages\pymongo\ssl_support.pyo
200 File Copy: C:\Python34\Lib\site-packages\pymongo\ssl_match_hostname.pyo
200 File Copy: C:\Python34\Lib\site-packages\pymongo\ssl_context.pyo
200 File Copy: C:\Python34\Lib\site-packages\pymongo\son_manipulator.pyo
200 File Copy: C:\Python34\Lib\site-packages\pymongo\settings.pyo
200 File Copy: C:\Python34\Lib\site-packages\pymongo\server_type.pyo
200 File Copy: C:\Python34\Lib\site-packages\pymongo\server_selectors.pyo
200 File Copy: C:\Python34\Lib\site-packages\pymongo\server_description.pyo
200 File Copy: C:\Python34\Lib\site-packages\pymongo\server.pyo
200 File Copy: C:\Python34\Lib\site-packages\pymongo\results.pyo
200 File Copy: C:\Python34\Lib\site-packages\pymongo\response.pyo
200 File Copy: C:\Python34\Lib\site-packages\pymongo\read_preferences.pyo
200 File Copy: C:\Python34\Lib\site-packages\pymongo\pool.pyo
200 File Copy: C:\Python34\Lib\site-packages\pymongo\periodic_executor.pyo
200 File Copy: C:\Python34\Lib\site-packages\pymongo\operations.pyo
200 File Copy: C:\Python34\Lib\site-packages\pymongo\network.pyo
200 File Copy: C:\Python34\Lib\site-packages\pymongo\monotonic.pyo
200 File Copy: C:\Python34\Lib\site-packages\pymongo\monitoring.pyo
200 File Copy: C:\Python34\Lib\site-packages\pymongo\monitor.pyo
200 File Copy: C:\Python34\Lib\site-packages\pymongo\mongo_replica_set_client.pyo
200 File Copy: C:\Python34\Lib\site-packages\pymongo\mongo_client.pyo
200 File Copy: C:\Python34\Lib\site-packages\pymongo\message.pyo
200 File Copy: C:\Python34\Lib\site-packages\pymongo\ismaster.pyo
200 File Copy: C:\Python34\Lib\site-packages\pymongo\helpers.pyo
200 File Copy: C:\Python34\Lib\site-packages\pymongo\errors.pyo
200 File Copy: C:\Python34\Lib\site-packages\pymongo\database.pyo
200 File Copy: C:\Python34\Lib\site-packages\pymongo\cursor_manager.pyo
200 File Copy: C:\Python34\Lib\site-packages\pymongo\cursor.pyo
200 File Copy: C:\Python34\Lib\site-packages\pymongo\common.pyo
200 File Copy: C:\Python34\Lib\site-packages\pymongo\command_cursor.pyo
200 File Copy: C:\Python34\Lib\site-packages\pymongo\collection.pyo
200 File Copy: C:\Python34\Lib\site-packages\pymongo\client_options.pyo
200 File Copy: C:\Python34\Lib\site-packages\pymongo\bulk.pyo
200 File Copy: C:\Python34\Lib\site-packages\pymongo\auth.pyo
200 File Copy: C:\Python34\Lib\site-packages\gridfs\__init__.pyo
200 File Copy: C:\Python34\Lib\site-packages\gridfs\grid_file.pyo
200 File Copy: C:\Python34\Lib\site-packages\gridfs\errors.pyo
200 File Copy: C:\Python34\Lib\site-packages\bson\__init__.pyo
200 File Copy: C:\Python34\Lib\site-packages\bson\tz_util.pyo
200 File Copy: C:\Python34\Lib\site-packages\bson\timestamp.pyo
200 File Copy: C:\Python34\Lib\site-packages\bson\son.pyo
200 File Copy: C:\Python34\Lib\site-packages\bson\regex.pyo
200 File Copy: C:\Python34\Lib\site-packages\bson\py3compat.pyo
200 File Copy: C:\Python34\Lib\site-packages\bson\objectid.pyo
200 File Copy: C:\Python34\Lib\site-packages\bson\min_key.pyo
200 File Copy: C:\Python34\Lib\site-packages\bson\max_key.pyo
200 File Copy: C:\Python34\Lib\site-packages\bson\json_util.pyo
200 File Copy: C:\Python34\Lib\site-packages\bson\int64.pyo
200 File Copy: C:\Python34\Lib\site-packages\bson\errors.pyo
200 File Copy: C:\Python34\Lib\site-packages\bson\dbref.pyo
200 File Copy: C:\Python34\Lib\site-packages\bson\codec_options.pyo
200 File Copy: C:\Python34\Lib\site-packages\bson\code.pyo
200 File Copy: C:\Python34\Lib\site-packages\bson\binary.pyo
